c:\users\bahrawy codo\source\repos\bahrawycodo\banksystem\x64\debug\vc143.pdb
c:\users\bahrawy codo\source\repos\bahrawycodo\banksystem\x64\debug\vc143.idb
c:\users\bahrawy codo\source\repos\bahrawycodo\banksystem\x64\debug\person.obj
c:\users\bahrawy codo\source\repos\bahrawycodo\banksystem\x64\debug\employee.obj
c:\users\bahrawy codo\source\repos\bahrawycodo\banksystem\x64\debug\client.obj
c:\users\bahrawy codo\source\repos\bahrawycodo\banksystem\x64\debug\bank system.obj
c:\users\bahrawy codo\source\repos\bahrawycodo\banksystem\x64\debug\admin.obj
c:\users\bahrawy codo\source\repos\bahrawycodo\banksystem\x64\debug\validation.obj
c:\users\bahrawy codo\source\repos\bahrawycodo\banksystem\x64\debug\shared.obj
c:\users\bahrawy codo\source\repos\bahrawycodo\banksystem\x64\debug\screens.obj
c:\users\bahrawy codo\source\repos\bahrawycodo\banksystem\x64\debug\employeemanager.obj
c:\users\bahrawy codo\source\repos\bahrawycodo\banksystem\x64\debug\clientmanger.obj
c:\users\bahrawy codo\source\repos\bahrawycodo\banksystem\x64\debug\adminmanager.obj
c:\users\bahrawy codo\source\repos\bahrawycodo\banksystem\x64\debug\fileshelper.obj
c:\users\bahrawy codo\source\repos\bahrawycodo\banksystem\x64\debug\filemanager.obj
c:\users\bahrawy codo\source\repos\bahrawycodo\banksystem\x64\debug\parser.obj
c:\users\bahrawy codo\source\repos\bahrawycodo\banksystem\x64\debug\readdata.obj
c:\users\bahrawy codo\source\repos\bahrawycodo\banksystem\x64\debug\bank system.exe
c:\users\bahrawy codo\source\repos\bahrawycodo\banksystem\x64\debug\bank system.ilk
c:\users\bahrawy codo\source\repos\bahrawycodo\banksystem\x64\debug\bank system.pdb
c:\users\bahrawy codo\source\repos\bahrawycodo\banksystem\x64\debug\bank system.tlog\cl.command.1.tlog
c:\users\bahrawy codo\source\repos\bahrawycodo\banksystem\x64\debug\bank system.tlog\cl.items.tlog
c:\users\bahrawy codo\source\repos\bahrawycodo\banksystem\x64\debug\bank system.tlog\cl.read.1.tlog
c:\users\bahrawy codo\source\repos\bahrawycodo\banksystem\x64\debug\bank system.tlog\cl.write.1.tlog
c:\users\bahrawy codo\source\repos\bahrawycodo\banksystem\x64\debug\bank system.tlog\link.command.1.tlog
c:\users\bahrawy codo\source\repos\bahrawycodo\banksystem\x64\debug\bank system.tlog\link.read.1.tlog
c:\users\bahrawy codo\source\repos\bahrawycodo\banksystem\x64\debug\bank system.tlog\link.write.1.tlog
